<?xml version="1.0" encoding="UTF-8"?>
<!-- Generated by org.testng.reporters.JUnitReportReporter -->
<testsuite hostname="DESKTOP-BVVV3QU" failures="0" tests="4" name="TestCasesofLoginpage" time="69.306" errors="0" timestamp="2022-12-30T08:43:00 IST" skipped="0">
  <testcase classname="TestCasesofLoginpage" name="validateTitleTest" time="5.135"/>
  <system-out>
    <![CDATA[Validating title....]]>
  </system-out>
  <testcase classname="TestCasesofLoginpage" name="validateUrlTest" time="5.281"/>
  <system-out>
    <![CDATA[Validating currunturl....]]>
  </system-out>
  <testcase classname="TestCasesofLoginpage" name="validatingloginlogoTest" time="53.501"/>
  <system-out>
    <![CDATA[Validating loginlogo....]]>
  </system-out>
  <testcase classname="TestCasesofLoginpage" name="valiatingInventorypageURLTest" time="5.389"/>
  <system-out>
    <![CDATA[Reading UserId from property File......
Reading Password from property File......
valadating URL of Inventory page to redirect on it.........]]>
  </system-out>
</testsuite> <!-- TestCasesofLoginpage -->
