<?xml version="1.0" encoding="UTF-8"?>
<!-- Generated by org.testng.reporters.JUnitReportReporter -->
<testsuite hostname="DESKTOP-BVVV3QU" failures="0" tests="1" name="TestCasesofSwaglab" time="0.014" errors="0" timestamp="2022-12-11T09:03:24 IST" skipped="0">
  <testcase classname="TestCasesofSwaglab" name="k" time="0.014"/>
  <system-out>
    <![CDATA[test case is running]]>
  </system-out>
</testsuite> <!-- TestCasesofSwaglab -->
