<?xml version="1.0" encoding="UTF-8"?>
<!-- Generated by org.testng.reporters.JUnitReportReporter -->
<testsuite hostname="DESKTOP-BVVV3QU" failures="0" tests="6" name="TestcasesofInventorypage" time="36.738" errors="0" timestamp="2022-12-31T00:01:37 IST" skipped="0">
  <testcase classname="TestcasesofInventorypage" name="validateSmalllogoTest" time="5.538"/>
  <system-out>
    <![CDATA[Validating SmallLogo....]]>
  </system-out>
  <testcase classname="TestcasesofInventorypage" name="ValidateTwitterLogoTest" time="8.676"/>
  <system-out>
    <![CDATA[Validating TwitterLogo....]]>
  </system-out>
  <testcase classname="TestcasesofInventorypage" name="valadatingApplogoTest" time="5.418"/>
  <system-out>
    <![CDATA[Validating AppLogo....]]>
  </system-out>
  <testcase classname="TestcasesofInventorypage" name="validateproducttextTest" time="5.367"/>
  <system-out>
    <![CDATA[Validating product text....]]>
  </system-out>
  <testcase classname="TestcasesofInventorypage" name="ValidateFacebookLogoTest" time="6.122"/>
  <system-out/>
  <testcase classname="TestcasesofInventorypage" name="validatebiglogoTest" time="5.617"/>
  <system-out>
    <![CDATA[Validating Biglogo....]]>
  </system-out>
</testsuite> <!-- TestcasesofInventorypage -->
